[0m12:23:37.234444 [debug] [MainThread]: Sending event: {'category': 'dbt', 'action': 'invocation', 'label': 'start', 'context': [<snowplow_tracker.self_describing_json.SelfDescribingJson object at 0x1045b19d0>, <snowplow_tracker.self_describing_json.SelfDescribingJson object at 0x1045cd150>, <snowplow_tracker.self_describing_json.SelfDescribingJson object at 0x1045cda50>]}


============================== 12:23:37.267848 | 204a76cc-6fe0-4840-8242-d6fd3a06eb9c ==============================
[0m12:23:37.267848 [info ] [MainThread]: Running with dbt=1.8.1
[0m12:23:37.268239 [debug] [MainThread]: running dbt with arguments {'printer_width': '80', 'indirect_selection': 'eager', 'write_json': 'True', 'log_cache_events': 'False', 'partial_parse': 'True', 'cache_selected_only': 'False', 'profiles_dir': '/Users/kennethchirchir/.dbt', 'version_check': 'True', 'fail_fast': 'False', 'log_path': 'logs', 'debug': 'False', 'warn_error': 'None', 'use_colors': 'True', 'use_experimental_parser': 'False', 'no_print': 'None', 'quiet': 'False', 'log_format': 'default', 'invocation_command': 'dbt init dbtlearn', 'warn_error_options': 'WarnErrorOptions(include=[], exclude=[])', 'introspect': 'True', 'target_path': 'None', 'static_parser': 'True', 'send_anonymous_usage_stats': 'True'}
[0m12:23:37.362834 [debug] [MainThread]: Starter project path: /Users/kennethchirchir/Documents/Personal_Stuffs/dbt/udemy_course/.venv/lib/python3.11/site-packages/dbt/include/starter_project
[0m12:23:37.380893 [info ] [MainThread]: 
Your new dbt project "dbtlearn" was created!

For more information on how to configure the profiles.yml file,
please consult the dbt documentation here:

  https://docs.getdbt.com/docs/configure-your-profile

One more thing:

Need help? Don't hesitate to reach out to us via GitHub issues or on Slack:

  https://community.getdbt.com/

Happy modeling!

[0m12:23:37.381285 [info ] [MainThread]: Setting up your profile.
[0m12:26:56.721525 [error] [MainThread]: Encountered an error:

[0m12:26:56.741143 [error] [MainThread]: Traceback (most recent call last):
  File "/Users/kennethchirchir/Documents/Personal_Stuffs/dbt/udemy_course/.venv/lib/python3.11/site-packages/dbt/cli/requires.py", line 138, in wrapper
    result, success = func(*args, **kwargs)
                      ^^^^^^^^^^^^^^^^^^^^^
  File "/Users/kennethchirchir/Documents/Personal_Stuffs/dbt/udemy_course/.venv/lib/python3.11/site-packages/dbt/cli/requires.py", line 101, in wrapper
    return func(*args, **kwargs)
           ^^^^^^^^^^^^^^^^^^^^^
  File "/Users/kennethchirchir/Documents/Personal_Stuffs/dbt/udemy_course/.venv/lib/python3.11/site-packages/dbt/cli/main.py", line 469, in init
    results = task.run()
              ^^^^^^^^^^
  File "/Users/kennethchirchir/Documents/Personal_Stuffs/dbt/udemy_course/.venv/lib/python3.11/site-packages/dbt/task/init.py", line 347, in run
    self.setup_profile(profile_name)
  File "/Users/kennethchirchir/Documents/Personal_Stuffs/dbt/udemy_course/.venv/lib/python3.11/site-packages/dbt/task/init.py", line 263, in setup_profile
    self.create_profile_from_target(adapter, profile_name=profile_name)
  File "/Users/kennethchirchir/Documents/Personal_Stuffs/dbt/udemy_course/.venv/lib/python3.11/site-packages/dbt/task/init.py", line 180, in create_profile_from_target
    self.create_profile_from_profile_template(profile_template, profile_name)
  File "/Users/kennethchirchir/Documents/Personal_Stuffs/dbt/udemy_course/.venv/lib/python3.11/site-packages/dbt/task/init.py", line 164, in create_profile_from_profile_template
    target = self.generate_target_from_input(prompts, initial_target)
             ^^^^^^^^^^^^^^^^^^^^^^^^^^^^^^^^^^^^^^^^^^^^^^^^^^^^^^^^
  File "/Users/kennethchirchir/Documents/Personal_Stuffs/dbt/udemy_course/.venv/lib/python3.11/site-packages/dbt/task/init.py", line 114, in generate_target_from_input
    numeric_choice = click.prompt(prompt_msg, type=click.INT)
                     ^^^^^^^^^^^^^^^^^^^^^^^^^^^^^^^^^^^^^^^^
  File "/Users/kennethchirchir/Documents/Personal_Stuffs/dbt/udemy_course/.venv/lib/python3.11/site-packages/click/termui.py", line 164, in prompt
    value = prompt_func(prompt)
            ^^^^^^^^^^^^^^^^^^^
  File "/Users/kennethchirchir/Documents/Personal_Stuffs/dbt/udemy_course/.venv/lib/python3.11/site-packages/click/termui.py", line 147, in prompt_func
    raise Abort() from None
click.exceptions.Abort

[0m12:26:56.766116 [debug] [MainThread]: Resource report: {"command_name": "init", "command_wall_clock_time": 199.54547, "process_user_time": 0.823839, "process_kernel_time": 0.294121, "process_mem_max_rss": "113262592", "command_success": false, "process_in_blocks": "0", "process_out_blocks": "0"}
[0m12:26:56.768151 [debug] [MainThread]: Command `dbt init` failed at 12:26:56.767495 after 199.55 seconds
[0m12:26:56.769255 [debug] [MainThread]: Sending event: {'category': 'dbt', 'action': 'invocation', 'label': 'end', 'context': [<snowplow_tracker.self_describing_json.SelfDescribingJson object at 0x100b719d0>, <snowplow_tracker.self_describing_json.SelfDescribingJson object at 0x1045cd950>, <snowplow_tracker.self_describing_json.SelfDescribingJson object at 0x1045cd990>]}
[0m12:26:56.770273 [debug] [MainThread]: Flushing usage events
[0m12:26:59.829632 [debug] [MainThread]: Sending event: {'category': 'dbt', 'action': 'invocation', 'label': 'start', 'context': [<snowplow_tracker.self_describing_json.SelfDescribingJson object at 0x105e09550>, <snowplow_tracker.self_describing_json.SelfDescribingJson object at 0x105e24f10>, <snowplow_tracker.self_describing_json.SelfDescribingJson object at 0x105e25810>]}


============================== 12:26:59.832668 | ba748bb8-37fb-416a-b511-fa2f5e138c02 ==============================
[0m12:26:59.832668 [info ] [MainThread]: Running with dbt=1.8.1
[0m12:26:59.832999 [debug] [MainThread]: running dbt with arguments {'printer_width': '80', 'indirect_selection': 'eager', 'write_json': 'True', 'log_cache_events': 'False', 'partial_parse': 'True', 'cache_selected_only': 'False', 'profiles_dir': '/Users/kennethchirchir/.dbt', 'version_check': 'True', 'warn_error': 'None', 'log_path': 'logs', 'debug': 'False', 'fail_fast': 'False', 'use_colors': 'True', 'use_experimental_parser': 'False', 'no_print': 'None', 'quiet': 'False', 'log_format': 'default', 'introspect': 'True', 'static_parser': 'True', 'invocation_command': 'dbt init dbtlearn', 'target_path': 'None', 'warn_error_options': 'WarnErrorOptions(include=[], exclude=[])', 'send_anonymous_usage_stats': 'True'}
[0m12:26:59.843436 [info ] [MainThread]: A project called dbtlearn already exists here.
[0m12:26:59.844426 [debug] [MainThread]: Resource report: {"command_name": "init", "command_success": true, "command_wall_clock_time": 0.051896665, "process_user_time": 0.554367, "process_kernel_time": 0.123551, "process_mem_max_rss": "93896704", "process_in_blocks": "0", "process_out_blocks": "0"}
[0m12:26:59.844684 [debug] [MainThread]: Command `dbt init` succeeded at 12:26:59.844637 after 0.05 seconds
[0m12:26:59.844957 [debug] [MainThread]: Sending event: {'category': 'dbt', 'action': 'invocation', 'label': 'end', 'context': [<snowplow_tracker.self_describing_json.SelfDescribingJson object at 0x105e25750>, <snowplow_tracker.self_describing_json.SelfDescribingJson object at 0x105de3750>, <snowplow_tracker.self_describing_json.SelfDescribingJson object at 0x105e08290>]}
[0m12:26:59.845149 [debug] [MainThread]: Flushing usage events
[0m12:27:34.424116 [debug] [MainThread]: Sending event: {'category': 'dbt', 'action': 'invocation', 'label': 'start', 'context': [<snowplow_tracker.self_describing_json.SelfDescribingJson object at 0x106319990>, <snowplow_tracker.self_describing_json.SelfDescribingJson object at 0x1063291d0>, <snowplow_tracker.self_describing_json.SelfDescribingJson object at 0x1063297d0>]}


============================== 12:27:34.427124 | b5456c15-ec99-4433-af39-d84bf4024670 ==============================
[0m12:27:34.427124 [info ] [MainThread]: Running with dbt=1.8.1
[0m12:27:34.427421 [debug] [MainThread]: running dbt with arguments {'printer_width': '80', 'indirect_selection': 'eager', 'write_json': 'True', 'log_cache_events': 'False', 'partial_parse': 'True', 'cache_selected_only': 'False', 'profiles_dir': '/Users/kennethchirchir/.dbt', 'version_check': 'True', 'fail_fast': 'False', 'log_path': 'logs', 'debug': 'False', 'warn_error': 'None', 'use_colors': 'True', 'use_experimental_parser': 'False', 'no_print': 'None', 'quiet': 'False', 'log_format': 'default', 'static_parser': 'True', 'warn_error_options': 'WarnErrorOptions(include=[], exclude=[])', 'introspect': 'True', 'target_path': 'None', 'invocation_command': 'dbt init dbtlearn', 'send_anonymous_usage_stats': 'True'}
[0m12:27:34.437981 [debug] [MainThread]: Starter project path: /Users/kennethchirchir/Documents/Personal_Stuffs/dbt/udemy_course/.venv/lib/python3.11/site-packages/dbt/include/starter_project
[0m12:27:34.446230 [info ] [MainThread]: 
Your new dbt project "dbtlearn" was created!

For more information on how to configure the profiles.yml file,
please consult the dbt documentation here:

  https://docs.getdbt.com/docs/configure-your-profile

One more thing:

Need help? Don't hesitate to reach out to us via GitHub issues or on Slack:

  https://community.getdbt.com/

Happy modeling!

[0m12:27:34.446514 [info ] [MainThread]: Setting up your profile.
[0m12:29:01.113944 [info ] [MainThread]: Profile dbtlearn written to /Users/kennethchirchir/.dbt/profiles.yml using target's profile_template.yml and your supplied values. Run 'dbt debug' to validate the connection.
[0m12:29:01.119459 [debug] [MainThread]: Resource report: {"command_name": "init", "command_success": true, "command_wall_clock_time": 86.72754, "process_user_time": 0.647838, "process_kernel_time": 0.186507, "process_mem_max_rss": "112574464", "process_in_blocks": "0", "process_out_blocks": "0"}
[0m12:29:01.120333 [debug] [MainThread]: Command `dbt init` succeeded at 12:29:01.120176 after 86.73 seconds
[0m12:29:01.120890 [debug] [MainThread]: Sending event: {'category': 'dbt', 'action': 'invocation', 'label': 'end', 'context': [<snowplow_tracker.self_describing_json.SelfDescribingJson object at 0x106329a90>, <snowplow_tracker.self_describing_json.SelfDescribingJson object at 0x106311d50>, <snowplow_tracker.self_describing_json.SelfDescribingJson object at 0x10296eed0>]}
[0m12:29:01.121427 [debug] [MainThread]: Flushing usage events
[0m12:29:57.428662 [debug] [MainThread]: Sending event: {'category': 'dbt', 'action': 'invocation', 'label': 'start', 'context': [<snowplow_tracker.self_describing_json.SelfDescribingJson object at 0x1051a6990>, <snowplow_tracker.self_describing_json.SelfDescribingJson object at 0x105161cd0>, <snowplow_tracker.self_describing_json.SelfDescribingJson object at 0x1051c8c90>]}


============================== 12:29:57.431944 | d49d2695-df1b-41fc-be25-078374726872 ==============================
[0m12:29:57.431944 [info ] [MainThread]: Running with dbt=1.8.1
[0m12:29:57.432253 [debug] [MainThread]: running dbt with arguments {'printer_width': '80', 'indirect_selection': 'eager', 'write_json': 'True', 'log_cache_events': 'False', 'partial_parse': 'True', 'cache_selected_only': 'False', 'profiles_dir': '/Users/kennethchirchir/.dbt', 'fail_fast': 'False', 'version_check': 'True', 'log_path': 'logs', 'warn_error': 'None', 'debug': 'False', 'use_colors': 'True', 'use_experimental_parser': 'False', 'no_print': 'None', 'quiet': 'False', 'log_format': 'default', 'invocation_command': 'dbt debug', 'warn_error_options': 'WarnErrorOptions(include=[], exclude=[])', 'introspect': 'True', 'target_path': 'None', 'static_parser': 'True', 'send_anonymous_usage_stats': 'True'}
[0m12:29:57.456010 [info ] [MainThread]: dbt version: 1.8.1
[0m12:29:57.456371 [info ] [MainThread]: python version: 3.11.3
[0m12:29:57.456554 [info ] [MainThread]: python path: /Users/kennethchirchir/Documents/Personal_Stuffs/dbt/udemy_course/.venv/bin/python
[0m12:29:57.456712 [info ] [MainThread]: os info: macOS-13.2.1-arm64-arm-64bit
[0m12:29:57.661681 [info ] [MainThread]: Using profiles dir at /Users/kennethchirchir/.dbt
[0m12:29:57.661934 [info ] [MainThread]: Using profiles.yml file at /Users/kennethchirchir/.dbt/profiles.yml
[0m12:29:57.662083 [info ] [MainThread]: Using dbt_project.yml file at /Users/kennethchirchir/Documents/Personal_Stuffs/dbt/udemy_course/dbt_project.yml
[0m12:29:57.664507 [info ] [MainThread]: adapter type: snowflake
[0m12:29:57.664680 [info ] [MainThread]: adapter version: 1.8.2
[0m12:29:57.664820 [info ] [MainThread]: Configuration:
[0m12:29:57.664946 [info ] [MainThread]:   profiles.yml file [[32mOK found and valid[0m]
[0m12:29:57.665061 [info ] [MainThread]:   dbt_project.yml file [[31mERROR not found[0m]
[0m12:29:57.665175 [info ] [MainThread]: Required dependencies:
[0m12:29:57.665407 [debug] [MainThread]: Executing "git --help"
[0m12:29:57.812767 [debug] [MainThread]: STDOUT: "b"usage: git [-v | --version] [-h | --help] [-C <path>] [-c <name>=<value>]\n           [--exec-path[=<path>]] [--html-path] [--man-path] [--info-path]\n           [-p | --paginate | -P | --no-pager] [--no-replace-objects] [--bare]\n           [--git-dir=<path>] [--work-tree=<path>] [--namespace=<name>]\n           [--config-env=<name>=<envvar>] <command> [<args>]\n\nThese are common Git commands used in various situations:\n\nstart a working area (see also: git help tutorial)\n   clone     Clone a repository into a new directory\n   init      Create an empty Git repository or reinitialize an existing one\n\nwork on the current change (see also: git help everyday)\n   add       Add file contents to the index\n   mv        Move or rename a file, a directory, or a symlink\n   restore   Restore working tree files\n   rm        Remove files from the working tree and from the index\n\nexamine the history and state (see also: git help revisions)\n   bisect    Use binary search to find the commit that introduced a bug\n   diff      Show changes between commits, commit and working tree, etc\n   grep      Print lines matching a pattern\n   log       Show commit logs\n   show      Show various types of objects\n   status    Show the working tree status\n\ngrow, mark and tweak your common history\n   branch    List, create, or delete branches\n   commit    Record changes to the repository\n   merge     Join two or more development histories together\n   rebase    Reapply commits on top of another base tip\n   reset     Reset current HEAD to the specified state\n   switch    Switch branches\n   tag       Create, list, delete or verify a tag object signed with GPG\n\ncollaborate (see also: git help workflows)\n   fetch     Download objects and refs from another repository\n   pull      Fetch from and integrate with another repository or a local branch\n   push      Update remote refs along with associated objects\n\n'git help -a' and 'git help -g' list available subcommands and some\nconcept guides. See 'git help <command>' or 'git help <concept>'\nto read about a specific subcommand or concept.\nSee 'git help git' for an overview of the system.\n""
[0m12:29:57.813514 [debug] [MainThread]: STDERR: "b''"
[0m12:29:57.813825 [info ] [MainThread]:  - git [[32mOK found[0m]

[0m12:29:57.814101 [info ] [MainThread]: Connection:
[0m12:29:57.814391 [info ] [MainThread]:   account: ffinbcz-mn30060
[0m12:29:57.814603 [info ] [MainThread]:   user: dbt
[0m12:29:57.814808 [info ] [MainThread]:   database: AIRBNB
[0m12:29:57.815002 [info ] [MainThread]:   warehouse: COMPUTE_WH
[0m12:29:57.815194 [info ] [MainThread]:   role: transform
[0m12:29:57.815385 [info ] [MainThread]:   schema: DEV
[0m12:29:57.815581 [info ] [MainThread]:   authenticator: None
[0m12:29:57.815778 [info ] [MainThread]:   oauth_client_id: None
[0m12:29:57.815971 [info ] [MainThread]:   query_tag: None
[0m12:29:57.816161 [info ] [MainThread]:   client_session_keep_alive: False
[0m12:29:57.816350 [info ] [MainThread]:   host: None
[0m12:29:57.816539 [info ] [MainThread]:   port: None
[0m12:29:57.816733 [info ] [MainThread]:   proxy_host: None
[0m12:29:57.816924 [info ] [MainThread]:   proxy_port: None
[0m12:29:57.817113 [info ] [MainThread]:   protocol: None
[0m12:29:57.817302 [info ] [MainThread]:   connect_retries: 1
[0m12:29:57.817496 [info ] [MainThread]:   connect_timeout: None
[0m12:29:57.817700 [info ] [MainThread]:   retry_on_database_errors: False
[0m12:29:57.817889 [info ] [MainThread]:   retry_all: False
[0m12:29:57.818071 [info ] [MainThread]:   insecure_mode: False
[0m12:29:57.818258 [info ] [MainThread]:   reuse_connections: None
[0m12:29:57.818744 [info ] [MainThread]: Registered adapter: snowflake=1.8.2
[0m12:29:57.835557 [debug] [MainThread]: Acquiring new snowflake connection 'debug'
[0m12:29:57.836877 [debug] [MainThread]: Using snowflake connection "debug"
[0m12:29:57.837070 [debug] [MainThread]: On debug: select 1 as id
[0m12:29:57.837225 [debug] [MainThread]: Opening a new connection, currently in state init
[0m12:30:00.708578 [debug] [MainThread]: SQL status: SUCCESS 1 in 3.0 seconds
[0m12:30:00.711538 [debug] [MainThread]: On debug: Close
[0m12:30:01.280720 [info ] [MainThread]:   Connection test: [[32mOK connection ok[0m]

[0m12:30:01.281672 [info ] [MainThread]: [31m1 check failed:[0m
[0m12:30:01.282229 [info ] [MainThread]: Project loading failed for the following reason:
 project path </Users/kennethchirchir/Documents/Personal_Stuffs/dbt/udemy_course/dbt_project.yml> not found

[0m12:30:01.286476 [debug] [MainThread]: Resource report: {"command_name": "debug", "command_wall_clock_time": 3.8931367, "process_user_time": 0.834234, "process_kernel_time": 0.219096, "process_mem_max_rss": "124026880", "command_success": false, "process_in_blocks": "0", "process_out_blocks": "0"}
[0m12:30:01.287230 [debug] [MainThread]: Command `dbt debug` failed at 12:30:01.287095 after 3.89 seconds
[0m12:30:01.287725 [debug] [MainThread]: Connection 'debug' was properly closed.
[0m12:30:01.288203 [debug] [MainThread]: Sending event: {'category': 'dbt', 'action': 'invocation', 'label': 'end', 'context': [<snowplow_tracker.self_describing_json.SelfDescribingJson object at 0x1051c90d0>, <snowplow_tracker.self_describing_json.SelfDescribingJson object at 0x1060bcdd0>, <snowplow_tracker.self_describing_json.SelfDescribingJson object at 0x1051ac350>]}
[0m12:30:01.288883 [debug] [MainThread]: Flushing usage events
[0m16:37:33.805055 [debug] [MainThread]: Sending event: {'category': 'dbt', 'action': 'invocation', 'label': 'start', 'context': [<snowplow_tracker.self_describing_json.SelfDescribingJson object at 0x1065de7d0>, <snowplow_tracker.self_describing_json.SelfDescribingJson object at 0x106601d90>, <snowplow_tracker.self_describing_json.SelfDescribingJson object at 0x106602890>]}


============================== 16:37:33.834846 | c6f9e9c1-6d33-4322-9414-abd2d99aed9a ==============================
[0m16:37:33.834846 [info ] [MainThread]: Running with dbt=1.8.1
[0m16:37:33.835266 [debug] [MainThread]: running dbt with arguments {'printer_width': '80', 'indirect_selection': 'eager', 'write_json': 'True', 'log_cache_events': 'False', 'partial_parse': 'True', 'cache_selected_only': 'False', 'warn_error': 'None', 'debug': 'False', 'profiles_dir': '/Users/kennethchirchir/.dbt', 'log_path': 'logs', 'version_check': 'True', 'fail_fast': 'False', 'use_colors': 'True', 'use_experimental_parser': 'False', 'no_print': 'None', 'quiet': 'False', 'warn_error_options': 'WarnErrorOptions(include=[], exclude=[])', 'introspect': 'True', 'log_format': 'default', 'invocation_command': 'dbt run', 'target_path': 'None', 'static_parser': 'True', 'send_anonymous_usage_stats': 'True'}
[0m16:37:33.835647 [error] [MainThread]: Encountered an error:
Runtime Error
  No dbt_project.yml found at expected path /Users/kennethchirchir/Documents/Personal_Stuffs/dbt/udemy_course/dbt_project.yml
  Verify that each entry within packages.yml (and their transitive dependencies) contains a file named dbt_project.yml
  
[0m16:37:33.846987 [debug] [MainThread]: Resource report: {"command_name": "run", "command_wall_clock_time": 0.08869454, "process_user_time": 0.709933, "process_kernel_time": 0.16201, "process_mem_max_rss": "93798400", "command_success": false, "process_in_blocks": "0", "process_out_blocks": "0"}
[0m16:37:33.847518 [debug] [MainThread]: Command `dbt run` failed at 16:37:33.847448 after 0.09 seconds
[0m16:37:33.847813 [debug] [MainThread]: Sending event: {'category': 'dbt', 'action': 'invocation', 'label': 'end', 'context': [<snowplow_tracker.self_describing_json.SelfDescribingJson object at 0x10659f4d0>, <snowplow_tracker.self_describing_json.SelfDescribingJson object at 0x102c36ed0>, <snowplow_tracker.self_describing_json.SelfDescribingJson object at 0x106478850>]}
[0m16:37:33.848054 [debug] [MainThread]: Flushing usage events
[0m19:17:26.520138 [debug] [MainThread]: Sending event: {'category': 'dbt', 'action': 'invocation', 'label': 'start', 'context': [<snowplow_tracker.self_describing_json.SelfDescribingJson object at 0x1081a7e90>, <snowplow_tracker.self_describing_json.SelfDescribingJson object at 0x1081a6210>, <snowplow_tracker.self_describing_json.SelfDescribingJson object at 0x1081c99d0>]}


============================== 19:17:26.524794 | 3731272e-2c0c-4c2d-ab7f-e4569395d9ca ==============================
[0m19:17:26.524794 [info ] [MainThread]: Running with dbt=1.8.1
[0m19:17:26.525113 [debug] [MainThread]: running dbt with arguments {'printer_width': '80', 'indirect_selection': 'eager', 'write_json': 'True', 'log_cache_events': 'False', 'partial_parse': 'True', 'cache_selected_only': 'False', 'warn_error': 'None', 'fail_fast': 'False', 'version_check': 'True', 'log_path': 'logs', 'profiles_dir': '/Users/kennethchirchir/.dbt', 'debug': 'False', 'use_colors': 'True', 'use_experimental_parser': 'False', 'no_print': 'None', 'quiet': 'False', 'log_format': 'default', 'introspect': 'True', 'static_parser': 'True', 'warn_error_options': 'WarnErrorOptions(include=[], exclude=[])', 'target_path': 'None', 'invocation_command': 'dbt debug', 'send_anonymous_usage_stats': 'True'}
[0m19:17:26.550143 [info ] [MainThread]: dbt version: 1.8.1
[0m19:17:26.550521 [info ] [MainThread]: python version: 3.11.3
[0m19:17:26.550716 [info ] [MainThread]: python path: /Users/kennethchirchir/Documents/Personal_Stuffs/dbt/udemy_course/.venv/bin/python
[0m19:17:26.550885 [info ] [MainThread]: os info: macOS-13.2.1-arm64-arm-64bit
[0m19:17:27.193970 [info ] [MainThread]: Using profiles dir at /Users/kennethchirchir/.dbt
[0m19:17:27.194230 [info ] [MainThread]: Using profiles.yml file at /Users/kennethchirchir/.dbt/profiles.yml
[0m19:17:27.194387 [info ] [MainThread]: Using dbt_project.yml file at /Users/kennethchirchir/Documents/Personal_Stuffs/dbt/udemy_course/dbt_project.yml
[0m19:17:27.194788 [info ] [MainThread]: adapter type: snowflake
[0m19:17:27.194929 [info ] [MainThread]: adapter version: 1.8.2
[0m19:17:27.195068 [info ] [MainThread]: Configuration:
[0m19:17:27.195196 [info ] [MainThread]:   profiles.yml file [[32mOK found and valid[0m]
[0m19:17:27.195320 [info ] [MainThread]:   dbt_project.yml file [[31mERROR not found[0m]
[0m19:17:27.195443 [info ] [MainThread]: Required dependencies:
[0m19:17:27.195664 [debug] [MainThread]: Executing "git --help"
[0m19:17:27.349147 [debug] [MainThread]: STDOUT: "b"usage: git [-v | --version] [-h | --help] [-C <path>] [-c <name>=<value>]\n           [--exec-path[=<path>]] [--html-path] [--man-path] [--info-path]\n           [-p | --paginate | -P | --no-pager] [--no-replace-objects] [--bare]\n           [--git-dir=<path>] [--work-tree=<path>] [--namespace=<name>]\n           [--config-env=<name>=<envvar>] <command> [<args>]\n\nThese are common Git commands used in various situations:\n\nstart a working area (see also: git help tutorial)\n   clone     Clone a repository into a new directory\n   init      Create an empty Git repository or reinitialize an existing one\n\nwork on the current change (see also: git help everyday)\n   add       Add file contents to the index\n   mv        Move or rename a file, a directory, or a symlink\n   restore   Restore working tree files\n   rm        Remove files from the working tree and from the index\n\nexamine the history and state (see also: git help revisions)\n   bisect    Use binary search to find the commit that introduced a bug\n   diff      Show changes between commits, commit and working tree, etc\n   grep      Print lines matching a pattern\n   log       Show commit logs\n   show      Show various types of objects\n   status    Show the working tree status\n\ngrow, mark and tweak your common history\n   branch    List, create, or delete branches\n   commit    Record changes to the repository\n   merge     Join two or more development histories together\n   rebase    Reapply commits on top of another base tip\n   reset     Reset current HEAD to the specified state\n   switch    Switch branches\n   tag       Create, list, delete or verify a tag object signed with GPG\n\ncollaborate (see also: git help workflows)\n   fetch     Download objects and refs from another repository\n   pull      Fetch from and integrate with another repository or a local branch\n   push      Update remote refs along with associated objects\n\n'git help -a' and 'git help -g' list available subcommands and some\nconcept guides. See 'git help <command>' or 'git help <concept>'\nto read about a specific subcommand or concept.\nSee 'git help git' for an overview of the system.\n""
[0m19:17:27.349703 [debug] [MainThread]: STDERR: "b''"
[0m19:17:27.349898 [info ] [MainThread]:  - git [[32mOK found[0m]

[0m19:17:27.350069 [info ] [MainThread]: Connection:
[0m19:17:27.350255 [info ] [MainThread]:   account: ffinbcz-mn30060
[0m19:17:27.350388 [info ] [MainThread]:   user: dbt
[0m19:17:27.350515 [info ] [MainThread]:   database: AIRBNB
[0m19:17:27.350635 [info ] [MainThread]:   warehouse: COMPUTE_WH
[0m19:17:27.350755 [info ] [MainThread]:   role: transform
[0m19:17:27.350875 [info ] [MainThread]:   schema: DEV
[0m19:17:27.350992 [info ] [MainThread]:   authenticator: None
[0m19:17:27.351112 [info ] [MainThread]:   oauth_client_id: None
[0m19:17:27.351231 [info ] [MainThread]:   query_tag: None
[0m19:17:27.351350 [info ] [MainThread]:   client_session_keep_alive: False
[0m19:17:27.351470 [info ] [MainThread]:   host: None
[0m19:17:27.351592 [info ] [MainThread]:   port: None
[0m19:17:27.351825 [info ] [MainThread]:   proxy_host: None
[0m19:17:27.352062 [info ] [MainThread]:   proxy_port: None
[0m19:17:27.352299 [info ] [MainThread]:   protocol: None
[0m19:17:27.352528 [info ] [MainThread]:   connect_retries: 1
[0m19:17:27.352757 [info ] [MainThread]:   connect_timeout: None
[0m19:17:27.352985 [info ] [MainThread]:   retry_on_database_errors: False
[0m19:17:27.353218 [info ] [MainThread]:   retry_all: False
[0m19:17:27.353445 [info ] [MainThread]:   insecure_mode: False
[0m19:17:27.353656 [info ] [MainThread]:   reuse_connections: None
[0m19:17:27.354187 [info ] [MainThread]: Registered adapter: snowflake=1.8.2
[0m19:17:27.362729 [debug] [MainThread]: Acquiring new snowflake connection 'debug'
[0m19:17:27.365024 [debug] [MainThread]: Using snowflake connection "debug"
[0m19:17:27.365207 [debug] [MainThread]: On debug: select 1 as id
[0m19:17:27.365395 [debug] [MainThread]: Opening a new connection, currently in state init
[0m19:17:29.487233 [debug] [MainThread]: SQL status: SUCCESS 1 in 2.0 seconds
[0m19:17:29.489785 [debug] [MainThread]: On debug: Close
[0m19:17:30.103043 [info ] [MainThread]:   Connection test: [[32mOK connection ok[0m]

[0m19:17:30.103724 [info ] [MainThread]: [31m1 check failed:[0m
[0m19:17:30.104193 [info ] [MainThread]: Project loading failed for the following reason:
 project path </Users/kennethchirchir/Documents/Personal_Stuffs/dbt/udemy_course/dbt_project.yml> not found

[0m19:17:30.108197 [debug] [MainThread]: Resource report: {"command_name": "debug", "command_wall_clock_time": 3.6267178, "process_user_time": 0.789081, "process_kernel_time": 0.227044, "process_mem_max_rss": "121798656", "command_success": false, "process_in_blocks": "0", "process_out_blocks": "0"}
[0m19:17:30.109082 [debug] [MainThread]: Command `dbt debug` failed at 19:17:30.108941 after 3.63 seconds
[0m19:17:30.109597 [debug] [MainThread]: Connection 'debug' was properly closed.
[0m19:17:30.110085 [debug] [MainThread]: Sending event: {'category': 'dbt', 'action': 'invocation', 'label': 'end', 'context': [<snowplow_tracker.self_describing_json.SelfDescribingJson object at 0x10295aed0>, <snowplow_tracker.self_describing_json.SelfDescribingJson object at 0x1081cb890>, <snowplow_tracker.self_describing_json.SelfDescribingJson object at 0x1081c9750>]}
[0m19:17:30.110672 [debug] [MainThread]: Flushing usage events
[0m14:14:57.083407 [debug] [MainThread]: Sending event: {'category': 'dbt', 'action': 'invocation', 'label': 'start', 'context': [<snowplow_tracker.self_describing_json.SelfDescribingJson object at 0x112662290>, <snowplow_tracker.self_describing_json.SelfDescribingJson object at 0x1126c9550>, <snowplow_tracker.self_describing_json.SelfDescribingJson object at 0x1126ca050>]}


============================== 14:14:57.109691 | 39e7f14d-f995-4f70-bbc7-70165e0565fb ==============================
[0m14:14:57.109691 [info ] [MainThread]: Running with dbt=1.8.1
[0m14:14:57.110084 [debug] [MainThread]: running dbt with arguments {'printer_width': '80', 'indirect_selection': 'eager', 'log_cache_events': 'False', 'write_json': 'True', 'partial_parse': 'True', 'cache_selected_only': 'False', 'warn_error': 'None', 'fail_fast': 'False', 'version_check': 'True', 'log_path': 'logs', 'profiles_dir': '/Users/kennethchirchir/.dbt', 'debug': 'False', 'use_colors': 'True', 'use_experimental_parser': 'False', 'no_print': 'None', 'quiet': 'False', 'warn_error_options': 'WarnErrorOptions(include=[], exclude=[])', 'introspect': 'True', 'log_format': 'default', 'invocation_command': 'dbt run', 'target_path': 'None', 'static_parser': 'True', 'send_anonymous_usage_stats': 'True'}
[0m14:14:57.110457 [error] [MainThread]: Encountered an error:
Runtime Error
  No dbt_project.yml found at expected path /Users/kennethchirchir/Documents/Personal_Stuffs/dbt/udemy_course/dbt_project.yml
  Verify that each entry within packages.yml (and their transitive dependencies) contains a file named dbt_project.yml
  
[0m14:14:57.116156 [debug] [MainThread]: Resource report: {"command_name": "run", "command_wall_clock_time": 0.107104205, "process_user_time": 1.522332, "process_kernel_time": 0.514974, "process_mem_max_rss": "94076928", "command_success": false, "process_in_blocks": "0", "process_out_blocks": "0"}
[0m14:14:57.116732 [debug] [MainThread]: Command `dbt run` failed at 14:14:57.116664 after 0.11 seconds
[0m14:14:57.116985 [debug] [MainThread]: Sending event: {'category': 'dbt', 'action': 'invocation', 'label': 'end', 'context': [<snowplow_tracker.self_describing_json.SelfDescribingJson object at 0x104b63010>, <snowplow_tracker.self_describing_json.SelfDescribingJson object at 0x111a38fd0>, <snowplow_tracker.self_describing_json.SelfDescribingJson object at 0x1126c9910>]}
[0m14:14:57.117209 [debug] [MainThread]: Flushing usage events
